  FileHandleFinder.cpp
C:\Users\giuli\source\repos\ReadProcessList\ReadProcessList\FileHandleFinder.h(9,1): warning C4005: 'NT_SUCCESS': macro redefinition
C:\Program Files (x86)\Windows Kits\10\Include\10.0.19041.0\um\winternl.h(876): message : see previous definition of 'NT_SUCCESS'
C:\Users\giuli\source\repos\ReadProcessList\ReadProcessList\FileHandleFinder.cpp(278,19): warning C4101: 'status_g': unreferenced local variable
C:\Program Files\Microsoft Visual Studio\2022\Community\VC\Tools\MSVC\14.33.31629\include\xstring(2824,53): warning C4244: 'argument': conversion from 'wchar_t' to 'const _Elem', possible loss of data
          with
          [
              _Elem=char
          ]
C:\Program Files\Microsoft Visual Studio\2022\Community\VC\Tools\MSVC\14.33.31629\include\xstring(2664): message : see reference to function template instantiation 'void std::basic_string<char,std::char_traits<char>,std::allocator<char>>::_Construct_from_iter<wchar_t*>(_Iter,const _Iter)' being compiled
          with
          [
              _Iter=wchar_t *
          ]
C:\Program Files\Microsoft Visual Studio\2022\Community\VC\Tools\MSVC\14.33.31629\include\xstring(2664): message : see reference to function template instantiation 'void std::basic_string<char,std::char_traits<char>,std::allocator<char>>::_Construct_from_iter<wchar_t*>(_Iter,const _Iter)' being compiled
          with
          [
              _Iter=wchar_t *
          ]
C:\Users\giuli\source\repos\ReadProcessList\ReadProcessList\FileHandleFinder.cpp(364): message : see reference to function template instantiation 'std::basic_string<char,std::char_traits<char>,std::allocator<char>>::basic_string<std::_String_iterator<std::_String_val<std::_Simple_types<_Elem>>>,0>(_Iter,_Iter,const _Alloc &)' being compiled
          with
          [
              _Elem=wchar_t,
              _Iter=std::_String_iterator<std::_String_val<std::_Simple_types<wchar_t>>>,
              _Alloc=std::allocator<char>
          ]
C:\Users\giuli\source\repos\ReadProcessList\ReadProcessList\FileHandleFinder.cpp(364): message : see reference to function template instantiation 'std::basic_string<char,std::char_traits<char>,std::allocator<char>>::basic_string<std::_String_iterator<std::_String_val<std::_Simple_types<_Elem>>>,0>(_Iter,_Iter,const _Alloc &)' being compiled
          with
          [
              _Elem=wchar_t,
              _Iter=std::_String_iterator<std::_String_val<std::_Simple_types<wchar_t>>>,
              _Alloc=std::allocator<char>
          ]
  ReadProcessList.cpp
C:\Users\giuli\source\repos\ReadProcessList\ReadProcessList\FileHandleFinder.h(9,1): warning C4005: 'NT_SUCCESS': macro redefinition
C:\Program Files (x86)\Windows Kits\10\Include\10.0.19041.0\um\winternl.h(876): message : see previous definition of 'NT_SUCCESS'
  Generating Code...
  ReadProcessList.vcxproj -> C:\Users\giuli\source\repos\ReadProcessList\x64\Debug\ReadProcessList.exe
